  [1m[35m (116.2ms)[0m  [1m[35mCREATE DATABASE "sumup_development" ENCODING = 'unicode'[0m
  [1m[35m (32.8ms)[0m  [1m[35mCREATE DATABASE "sumup_test" ENCODING = 'unicode'[0m
  [1m[35m (10.8ms)[0m  [1m[35mCREATE TABLE "schema_migrations" ("version" character varying NOT NULL PRIMARY KEY)[0m
  [1m[35m (2.7ms)[0m  [1m[35mCREATE TABLE "ar_internal_metadata" ("key" character varying NOT NULL PRIMARY KEY, "value" character varying, "created_at" timestamp(6) NOT NULL, "updated_at" timestamp(6) NOT NULL)[0m
  [1m[35m (0.1ms)[0m  [1m[34mSELECT pg_try_advisory_lock(7313490120531722505)[0m
  [1m[36mActiveRecord::SchemaMigration Pluck (0.1ms)[0m  [1m[34mSELECT "schema_migrations"."version" FROM "schema_migrations" ORDER BY "schema_migrations"."version" ASC[0m
  [1m[36mActiveRecord::InternalMetadata Load (0.1ms)[0m  [1m[34mSELECT "ar_internal_metadata".* FROM "ar_internal_metadata" WHERE "ar_internal_metadata"."key" = $1 LIMIT $2[0m  [["key", "environment"], ["LIMIT", 1]]
  [1m[36mTRANSACTION (0.1ms)[0m  [1m[35mBEGIN[0m
  [1m[36mActiveRecord::InternalMetadata Create (0.5ms)[0m  [1m[32mINSERT INTO "ar_internal_metadata" ("key", "value", "created_at", "updated_at") VALUES ($1, $2, $3, $4) RETURNING "key"[0m  [["key", "environment"], ["value", "development"], ["created_at", "2022-08-31 03:20:22.038491"], ["updated_at", "2022-08-31 03:20:22.038491"]]
  [1m[36mTRANSACTION (0.1ms)[0m  [1m[35mCOMMIT[0m
  [1m[35m (0.1ms)[0m  [1m[34mSELECT pg_advisory_unlock(7313490120531722505)[0m
  [1m[36mActiveRecord::SchemaMigration Pluck (0.2ms)[0m  [1m[34mSELECT "schema_migrations"."version" FROM "schema_migrations" ORDER BY "schema_migrations"."version" ASC[0m
Started GET "/sessions" for ::1 at 2022-08-30 23:42:44 -0400
  [1m[36mActiveRecord::SchemaMigration Pluck (0.3ms)[0m  [1m[34mSELECT "schema_migrations"."version" FROM "schema_migrations" ORDER BY "schema_migrations"."version" ASC[0m
  
NoMethodError (undefined method `skip_before_filter' for SessionsController:Class

  skip_before_filter :test_filter, if: :test, only: :index
  ^^^^^^^^^^^^^^^^^^
Did you mean?  skip_before_action):
  
app/controllers/sessions_controller.rb:3:in `<class:SessionsController>'
app/controllers/sessions_controller.rb:2:in `<main>'
Started GET "/sessions" for ::1 at 2022-08-30 23:42:58 -0400
  
ArgumentError (Before process_action callback :test_filter has not been defined):
  
app/controllers/sessions_controller.rb:3:in `<class:SessionsController>'
app/controllers/sessions_controller.rb:2:in `<main>'
Started GET "/sessions" for ::1 at 2022-08-30 23:43:30 -0400
  
NoMethodError (undefined method `before_filter' for SessionsController:Class

  before_filter :test_filter
  ^^^^^^^^^^^^^
Did you mean?  before_action):
  
app/controllers/sessions_controller.rb:3:in `<class:SessionsController>'
app/controllers/sessions_controller.rb:2:in `<main>'
Started GET "/sessions" for ::1 at 2022-08-30 23:43:40 -0400
Processing by SessionsController#index as HTML
  Rendering layout layouts/application.html.erb
  Rendering sessions/index.html.erb within layouts/application
  Rendered sessions/index.html.erb within layouts/application (Duration: 0.3ms | Allocations: 131)
  Rendered layout layouts/application.html.erb (Duration: 144.2ms | Allocations: 91794)
Completed 200 OK in 147ms (Views: 145.0ms | ActiveRecord: 0.0ms | Allocations: 93822)


Started GET "/sessions" for ::1 at 2022-08-30 23:44:08 -0400
  [1m[36mActiveRecord::SchemaMigration Pluck (0.2ms)[0m  [1m[34mSELECT "schema_migrations"."version" FROM "schema_migrations" ORDER BY "schema_migrations"."version" ASC[0m
Processing by SessionsController#index as HTML
  Rendering layout layouts/application.html.erb
  Rendering sessions/index.html.erb within layouts/application
  Rendered sessions/index.html.erb within layouts/application (Duration: 0.8ms | Allocations: 303)
  Rendered layout layouts/application.html.erb (Duration: 57.8ms | Allocations: 35621)
Completed 200 OK in 64ms (Views: 59.2ms | ActiveRecord: 0.0ms | Allocations: 38617)


Started GET "/sessions" for ::1 at 2022-08-30 23:44:11 -0400
Processing by SessionsController#index as HTML
  Rendering layout layouts/application.html.erb
  Rendering sessions/index.html.erb within layouts/application
  Rendered sessions/index.html.erb within layouts/application (Duration: 0.1ms | Allocations: 20)
  Rendered layout layouts/application.html.erb (Duration: 10.3ms | Allocations: 2609)
Completed 200 OK in 12ms (Views: 11.1ms | ActiveRecord: 0.0ms | Allocations: 2942)


Started GET "/sessions" for ::1 at 2022-08-30 23:44:11 -0400
Processing by SessionsController#index as HTML
  Rendering layout layouts/application.html.erb
  Rendering sessions/index.html.erb within layouts/application
  Rendered sessions/index.html.erb within layouts/application (Duration: 0.0ms | Allocations: 18)
  Rendered layout layouts/application.html.erb (Duration: 4.0ms | Allocations: 2446)
Completed 200 OK in 5ms (Views: 4.5ms | ActiveRecord: 0.0ms | Allocations: 2716)


Started GET "/sessions" for ::1 at 2022-08-30 23:44:33 -0400
  [1m[36mActiveRecord::SchemaMigration Pluck (0.2ms)[0m  [1m[34mSELECT "schema_migrations"."version" FROM "schema_migrations" ORDER BY "schema_migrations"."version" ASC[0m
Processing by SessionsController#index as HTML
  Rendering layout layouts/application.html.erb
  Rendering sessions/index.html.erb within layouts/application
  Rendered sessions/index.html.erb within layouts/application (Duration: 0.4ms | Allocations: 303)
  Rendered layout layouts/application.html.erb (Duration: 48.2ms | Allocations: 35707)
Completed 200 OK in 52ms (Views: 49.5ms | ActiveRecord: 0.0ms | Allocations: 38703)


Started GET "/sessions" for ::1 at 2022-08-30 23:44:34 -0400
Processing by SessionsController#index as HTML
  Rendering layout layouts/application.html.erb
  Rendering sessions/index.html.erb within layouts/application
  Rendered sessions/index.html.erb within layouts/application (Duration: 0.2ms | Allocations: 20)
  Rendered layout layouts/application.html.erb (Duration: 6.8ms | Allocations: 2623)
Completed 200 OK in 9ms (Views: 7.6ms | ActiveRecord: 0.0ms | Allocations: 2956)


Started GET "/sessions" for ::1 at 2022-08-30 23:44:54 -0400
  [1m[36mActiveRecord::SchemaMigration Pluck (0.2ms)[0m  [1m[34mSELECT "schema_migrations"."version" FROM "schema_migrations" ORDER BY "schema_migrations"."version" ASC[0m
Processing by SessionsController#index as HTML
Completed 500 Internal Server Error in 4159ms (ActiveRecord: 0.0ms | Allocations: 81643)


  
NameError (undefined local variable or method `a' for #<SessionsController:0x0000000000ab90>

    puts a
         ^):
  
app/controllers/sessions_controller.rb:20:in `test_filter'
Started GET "/sessions" for ::1 at 2022-08-30 23:45:13 -0400
Processing by SessionsController#index as HTML
Completed 500 Internal Server Error in 4667ms (ActiveRecord: 0.0ms | Allocations: 5184)


  
NameError (undefined local variable or method `a' for #<SessionsController:0x0000000000ed58>

    puts a
         ^):
  
app/controllers/sessions_controller.rb:15:in `test'
Started GET "/sessions" for ::1 at 2022-08-30 23:45:29 -0400
Processing by SessionsController#index as HTML
  Rendering layout layouts/application.html.erb
  Rendering sessions/index.html.erb within layouts/application
  Rendered sessions/index.html.erb within layouts/application (Duration: 0.8ms | Allocations: 130)
  Rendered layout layouts/application.html.erb (Duration: 39.6ms | Allocations: 35327)
Completed 200 OK in 8075ms (Views: 43.0ms | ActiveRecord: 0.0ms | Allocations: 39920)


Started GET "/sessions" for ::1 at 2022-08-30 23:46:21 -0400
  [1m[36mActiveRecord::SchemaMigration Pluck (0.2ms)[0m  [1m[34mSELECT "schema_migrations"."version" FROM "schema_migrations" ORDER BY "schema_migrations"."version" ASC[0m
Processing by SessionsController#index as HTML
  Rendering layout layouts/application.html.erb
  Rendering sessions/index.html.erb within layouts/application
  Rendered sessions/index.html.erb within layouts/application (Duration: 1.1ms | Allocations: 302)
  Rendered layout layouts/application.html.erb (Duration: 43.7ms | Allocations: 35709)
Completed 200 OK in 24869ms (Views: 47.5ms | ActiveRecord: 0.0ms | Allocations: 79359)


